c:\users\alish\documents\visual studio 2013\projects\data structures (alish)\data structures (alish)\debug\data structures (alish).pch
c:\users\alish\documents\visual studio 2013\projects\data structures (alish)\data structures (alish)\debug\vc120.pdb
c:\users\alish\documents\visual studio 2013\projects\data structures (alish)\data structures (alish)\debug\vc120.idb
c:\users\alish\documents\visual studio 2013\projects\data structures (alish)\data structures (alish)\debug\stdafx.obj
c:\users\alish\documents\visual studio 2013\projects\data structures (alish)\data structures (alish)\debug\data structures (alish).obj
c:\users\alish\documents\visual studio 2013\projects\data structures (alish)\data structures (alish)\debug\list.obj
c:\users\alish\documents\visual studio 2013\projects\data structures (alish)\data structures (alish)\debug\musicplayer.obj
c:\users\alish\documents\2 semester\dstr\data structures (alish)\data structures (alish)\debug\data structures (alish).pch
c:\users\alish\documents\2 semester\dstr\data structures (alish)\data structures (alish)\debug\vc120.pdb
c:\users\alish\documents\2 semester\dstr\data structures (alish)\data structures (alish)\debug\vc120.idb
c:\users\alish\documents\2 semester\dstr\data structures (alish)\data structures (alish)\debug\stdafx.obj
c:\users\alish\documents\2 semester\dstr\data structures (alish)\data structures (alish)\debug\data structures (alish).obj
c:\users\alish\documents\2 semester\dstr\data structures (alish)\data structures (alish)\debug\list.obj
c:\users\alish\documents\2 semester\dstr\data structures (alish)\data structures (alish)\debug\musicplayer.obj
c:\users\alish\documents\visual studio 2013\projects\data structures (alish)\debug\data structures (alish).ilk
c:\users\alish\documents\visual studio 2013\projects\data structures (alish)\debug\data structures (alish).exe
c:\users\alish\documents\visual studio 2013\projects\data structures (alish)\debug\data structures (alish).pdb
c:\users\alish\documents\2 semester\dstr\data structures (alish)\debug\data structures (alish).ilk
c:\users\alish\documents\2 semester\dstr\data structures (alish)\debug\data structures (alish).exe
c:\users\alish\documents\2 semester\dstr\data structures (alish)\debug\data structures (alish).pdb
c:\users\alish\documents\2 semester\dstr\data structures (alish)\data structures (alish)\debug\data str.68dfbc6a.tlog\cl.command.1.tlog
c:\users\alish\documents\2 semester\dstr\data structures (alish)\data structures (alish)\debug\data str.68dfbc6a.tlog\cl.read.1.tlog
c:\users\alish\documents\2 semester\dstr\data structures (alish)\data structures (alish)\debug\data str.68dfbc6a.tlog\cl.write.1.tlog
c:\users\alish\documents\2 semester\dstr\data structures (alish)\data structures (alish)\debug\data str.68dfbc6a.tlog\link.command.1.tlog
c:\users\alish\documents\2 semester\dstr\data structures (alish)\data structures (alish)\debug\data str.68dfbc6a.tlog\link.read.1.tlog
c:\users\alish\documents\2 semester\dstr\data structures (alish)\data structures (alish)\debug\data str.68dfbc6a.tlog\link.write.1.tlog
